<?xml version="1.0" encoding="UTF-8"?>
<!-- Generated by org.testng.reporters.JUnitXMLReporter -->
<testsuite hostname="hp" ignored="0" name="Test1" tests="2" failures="1" timestamp="2023-03-28T16:21:38 IST" time="9.906" errors="0">
  <testcase name="regIndHome" time="4.164" classname="Register_Package.Reg_IndHome"/>
  <testcase name="regIndHome" time="4.903" classname="Register_Package.Reg_IndHome">
    <failure type="java.lang.NullPointerException">
      <![CDATA[java.lang.NullPointerException
at com.GenericUtilities.ListenerImplementationClass.onTestSuccess(ListenerImplementationClass.java:35)
at java.util.ArrayList.forEach(ArrayList.java:1259)
at java.util.concurrent.FutureTask.run(FutureTask.java:266)
at java.util.concurrent.ThreadPoolExecutor.runWorker(ThreadPoolExecutor.java:1149)
at java.util.concurrent.ThreadPoolExecutor$Worker.run(ThreadPoolExecutor.java:624)
at java.lang.Thread.run(Thread.java:748)
... Removed 15 stack frames]]>
    </failure>
  </testcase> <!-- regIndHome -->
</testsuite> <!-- Test1 -->
