<?xml version="1.0" encoding="UTF-8"?>
<!-- Generated by org.testng.reporters.JUnitXMLReporter -->
<testsuite ignored="0" hostname="hp" failures="0" tests="4" name="Test Runner3" time="0.094" errors="0" timestamp="2023-03-27T12:47:59 IST">
  <testcase classname="practisepackage.Test_05" name="script10" time="0.015"/>
  <testcase classname="practisepackage.Test_05" name="script9" time="0.002"/>
  <testcase classname="practisepackage.Test_06" name="script11" time="0.001"/>
  <testcase classname="practisepackage.Test_06" name="script12" time="0.001"/>
</testsuite> <!-- Test Runner3 -->
