<?xml version="1.0" encoding="UTF-8"?>
<!-- Generated by org.testng.reporters.JUnitXMLReporter -->
<testsuite ignored="0" hostname="hp" failures="0" tests="4" name="Test Runner1" time="0.097" errors="0" timestamp="2023-03-27T12:47:59 IST">
  <testcase classname="practisepackage.Test_01" name="script1" time="0.016"/>
  <testcase classname="practisepackage.Test_01" name="script2" time="0.004"/>
  <testcase classname="practisepackage.Test_02" name="script3" time="0.005"/>
  <testcase classname="practisepackage.Test_02" name="script4" time="0.002"/>
</testsuite> <!-- Test Runner1 -->
