<?xml version="1.0" encoding="UTF-8"?>
<!-- Generated by org.testng.reporters.JUnitXMLReporter -->
<testsuite ignored="0" hostname="hp" failures="0" tests="4" name="Test Runner2" time="0.098" errors="0" timestamp="2023-03-27T12:47:59 IST">
  <testcase classname="practisepackage.Test_03" name="script5" time="0.015"/>
  <testcase classname="practisepackage.Test_03" name="script6" time="0.004"/>
  <testcase classname="practisepackage.Test_04" name="script7" time="0.003"/>
  <testcase classname="practisepackage.Test_04" name="script8" time="0.002"/>
</testsuite> <!-- Test Runner2 -->
